<?xml version="1.0" encoding="UTF-8"?>
<!-- Generated by org.testng.reporters.JUnitReportReporter -->
<testsuite hostname="MSI" failures="0" tests="1" name="com.restassuredtests.tests.APITests" time="3.312" errors="0" timestamp="2022-03-24T10:05:14 IST" skipped="0">
  <testcase classname="com.restassuredtests.tests.APITests" name="verifyLocationDetails" time="3.312"/>
  <system-out/>
</testsuite> <!-- com.restassuredtests.tests.APITests -->
